C:\USERS\LUCAS\DOCUMENTS\GITHUB\WDI-GROUPS\INNE\SUMATOR N LICZB\SUMATOR N LICZB\DEBUG\SUMATOR N LICZB.PCH
C:\USERS\LUCAS\DOCUMENTS\GITHUB\WDI-GROUPS\INNE\SUMATOR N LICZB\SUMATOR N LICZB\DEBUG\STDAFX.OBJ
C:\USERS\LUCAS\DOCUMENTS\GITHUB\WDI-GROUPS\INNE\SUMATOR N LICZB\SUMATOR N LICZB\DEBUG\VC110.PDB
C:\USERS\LUCAS\DOCUMENTS\GITHUB\WDI-GROUPS\INNE\SUMATOR N LICZB\SUMATOR N LICZB\DEBUG\SUMATOR N LICZB.OBJ
C:\USERS\LUCAS\DOCUMENTS\GITHUB\WDI-GROUPS\INNE\SUMATOR N LICZB\DEBUG\SUMATOR N LICZB.ILK
C:\USERS\LUCAS\DOCUMENTS\GITHUB\WDI-GROUPS\INNE\SUMATOR N LICZB\DEBUG\SUMATOR N LICZB.EXE
C:\USERS\LUCAS\DOCUMENTS\GITHUB\WDI-GROUPS\INNE\SUMATOR N LICZB\DEBUG\SUMATOR N LICZB.PDB
C:\Users\Lucas\Documents\GitHub\WDI-groups\Inne\Sumator n liczb\Sumator n liczb\Debug\stdafx.obj
C:\Users\Lucas\Documents\GitHub\WDI-groups\Inne\Sumator n liczb\Sumator n liczb\Debug\Sumator n liczb.obj
C:\Users\Lucas\Documents\GitHub\WDI-groups\Inne\Sumator n liczb\Sumator n liczb\Debug\cl.command.1.tlog
C:\Users\Lucas\Documents\GitHub\WDI-groups\Inne\Sumator n liczb\Sumator n liczb\Debug\CL.read.1.tlog
C:\Users\Lucas\Documents\GitHub\WDI-groups\Inne\Sumator n liczb\Sumator n liczb\Debug\CL.write.1.tlog
C:\Users\Lucas\Documents\GitHub\WDI-groups\Inne\Sumator n liczb\Sumator n liczb\Debug\link-cvtres.read.1.tlog
C:\Users\Lucas\Documents\GitHub\WDI-groups\Inne\Sumator n liczb\Sumator n liczb\Debug\link-cvtres.write.1.tlog
C:\Users\Lucas\Documents\GitHub\WDI-groups\Inne\Sumator n liczb\Sumator n liczb\Debug\link-rc.read.1.tlog
C:\Users\Lucas\Documents\GitHub\WDI-groups\Inne\Sumator n liczb\Sumator n liczb\Debug\link-rc.write.1.tlog
C:\Users\Lucas\Documents\GitHub\WDI-groups\Inne\Sumator n liczb\Sumator n liczb\Debug\link.6484-cvtres.read.1.tlog
C:\Users\Lucas\Documents\GitHub\WDI-groups\Inne\Sumator n liczb\Sumator n liczb\Debug\link.6484-cvtres.write.1.tlog
C:\Users\Lucas\Documents\GitHub\WDI-groups\Inne\Sumator n liczb\Sumator n liczb\Debug\link.6484-rc.read.1.tlog
C:\Users\Lucas\Documents\GitHub\WDI-groups\Inne\Sumator n liczb\Sumator n liczb\Debug\link.6484-rc.write.1.tlog
C:\Users\Lucas\Documents\GitHub\WDI-groups\Inne\Sumator n liczb\Sumator n liczb\Debug\link.6484.read.1.tlog
C:\Users\Lucas\Documents\GitHub\WDI-groups\Inne\Sumator n liczb\Sumator n liczb\Debug\link.6484.write.1.tlog
C:\Users\Lucas\Documents\GitHub\WDI-groups\Inne\Sumator n liczb\Sumator n liczb\Debug\link.command.1.tlog
C:\Users\Lucas\Documents\GitHub\WDI-groups\Inne\Sumator n liczb\Sumator n liczb\Debug\link.read.1.tlog
C:\Users\Lucas\Documents\GitHub\WDI-groups\Inne\Sumator n liczb\Sumator n liczb\Debug\link.write.1.tlog
C:\Users\Lucas\Documents\GitHub\WDI-groups\Inne\Sumator n liczb\Sumator n liczb\Debug\Sumator n liczb.pch
C:\Users\Lucas\Documents\GitHub\WDI-groups\Inne\Sumator n liczb\Sumator n liczb\Debug\vc110.idb
C:\Users\Lucas\Documents\GitHub\WDI-groups\Inne\Sumator n liczb\Sumator n liczb\Debug\vc110.pdb
C:\Users\Lucas\Documents\GitHub\WDI-groups\Inne\Sumator n liczb\Debug\Sumator n liczb.pdb
C:\Users\Lucas\Documents\GitHub\WDI-groups\Inne\Sumator n liczb\Debug\Sumator n liczb.exe
C:\Users\Lucas\Documents\GitHub\WDI-groups\Inne\Sumator n liczb\Debug\Sumator n liczb.ilk
